<?xml version="1.0" encoding="UTF-8"?>
<testsuite name="com.example.demo.MathServiceTest" tests="5" skipped="0" failures="0" errors="0" timestamp="2025-04-07T11:25:18" hostname="server1" time="0.765">
  <properties/>
  <testcase name="testMultiplication()" classname="com.example.demo.MathServiceTest" time="0.738"/>
  <testcase name="testAddition()" classname="com.example.demo.MathServiceTest" time="0.005"/>
  <testcase name="testDivisionByZero()" classname="com.example.demo.MathServiceTest" time="0.005"/>
  <testcase name="testDivision()" classname="com.example.demo.MathServiceTest" time="0.004"/>
  <testcase name="testSubtraction()" classname="com.example.demo.MathServiceTest" time="0.004"/>
  <system-out><![CDATA[11:25:11.093 [Test worker] DEBUG org.springframework.test.context.BootstrapUtils - Instantiating CacheAwareContextLoaderDelegate from class [org.springframework.test.context.cache.DefaultCacheAwareContextLoaderDelegate]
11:25:11.110 [Test worker] DEBUG org.springframework.test.context.BootstrapUtils - Instantiating BootstrapContext using constructor [public org.springframework.test.context.support.DefaultBootstrapContext(java.lang.Class,org.springframework.test.context.CacheAwareContextLoaderDelegate)]
11:25:11.183 [Test worker] DEBUG org.springframework.test.context.BootstrapUtils - Instantiating TestContextBootstrapper for test class [com.example.demo.MathServiceTest] from class [org.springframework.boot.test.context.SpringBootTestContextBootstrapper]
11:25:11.209 [Test worker] INFO org.springframework.boot.test.context.SpringBootTestContextBootstrapper - Neither @ContextConfiguration nor @ContextHierarchy found for test class [com.example.demo.MathServiceTest], using SpringBootContextLoader
11:25:11.217 [Test worker] DEBUG org.springframework.test.context.support.AbstractContextLoader - Did not detect default resource location for test class [com.example.demo.MathServiceTest]: class path resource [com/example/demo/MathServiceTest-context.xml] does not exist
11:25:11.218 [Test worker] DEBUG org.springframework.test.context.support.AbstractContextLoader - Did not detect default resource location for test class [com.example.demo.MathServiceTest]: class path resource [com/example/demo/MathServiceTestContext.groovy] does not exist
11:25:11.219 [Test worker] INFO org.springframework.test.context.support.AbstractContextLoader - Could not detect default resource locations for test class [com.example.demo.MathServiceTest]: no resource found for suffixes {-context.xml, Context.groovy}.
11:25:11.220 [Test worker] INFO org.springframework.test.context.support.AnnotationConfigContextLoaderUtils - Could not detect default configuration classes for test class [com.example.demo.MathServiceTest]: MathServiceTest does not declare any static, non-private, non-final, nested classes annotated with @Configuration.
11:25:11.867 [Test worker] DEBUG org.springframework.test.context.support.ActiveProfilesUtils - Could not find an 'annotation declaring class' for annotation type [org.springframework.test.context.ActiveProfiles] and class [com.example.demo.MathServiceTest]
11:25:13.135 [Test worker] DEBUG org.springframework.context.annotation.ClassPathScanningCandidateComponentProvider - Identified candidate component class: file [/home/rana/FinalProjectCode/web-app/build/classes/java/main/com/example/demo/DemoApplication.class]
11:25:13.147 [Test worker] INFO org.springframework.boot.test.context.SpringBootTestContextBootstrapper - Found @SpringBootConfiguration com.example.demo.DemoApplication for test class com.example.demo.MathServiceTest
11:25:14.491 [Test worker] DEBUG org.springframework.boot.test.context.SpringBootTestContextBootstrapper - @TestExecutionListeners is not present for class [com.example.demo.MathServiceTest]: using defaults.
11:25:14.491 [Test worker] INFO org.springframework.boot.test.context.SpringBootTestContextBootstrapper - Loaded default TestExecutionListener class names from location [META-INF/spring.factories]: [org.springframework.boot.test.autoconfigure.restdocs.RestDocsTestExecutionListener, org.springframework.boot.test.autoconfigure.web.client.MockRestServiceServerResetTestExecutionListener, org.springframework.boot.test.autoconfigure.web.servlet.MockMvcPrintOnlyOnFailureTestExecutionListener, org.springframework.boot.test.autoconfigure.web.servlet.WebDriverTestExecutionListener, org.springframework.boot.test.autoconfigure.webservices.client.MockWebServiceServerTestExecutionListener, org.springframework.boot.test.mock.mockito.MockitoTestExecutionListener, org.springframework.boot.test.mock.mockito.ResetMocksTestExecutionListener, org.springframework.test.context.web.ServletTestExecutionListener, org.springframework.test.context.support.DirtiesContextBeforeModesTestExecutionListener, org.springframework.test.context.event.ApplicationEventsTestExecutionListener, org.springframework.test.context.support.DependencyInjectionTestExecutionListener, org.springframework.test.context.support.DirtiesContextTestExecutionListener, org.springframework.test.context.transaction.TransactionalTestExecutionListener, org.springframework.test.context.jdbc.SqlScriptsTestExecutionListener, org.springframework.test.context.event.EventPublishingTestExecutionListener]
11:25:14.681 [Test worker] DEBUG org.springframework.boot.test.context.SpringBootTestContextBootstrapper - Skipping candidate TestExecutionListener [org.springframework.test.context.transaction.TransactionalTestExecutionListener] due to a missing dependency. Specify custom listener classes or make the default listener classes and their required dependencies available. Offending class: [org/springframework/transaction/interceptor/TransactionAttributeSource]
11:25:14.682 [Test worker] DEBUG org.springframework.boot.test.context.SpringBootTestContextBootstrapper - Skipping candidate TestExecutionListener [org.springframework.test.context.jdbc.SqlScriptsTestExecutionListener] due to a missing dependency. Specify custom listener classes or make the default listener classes and their required dependencies available. Offending class: [org/springframework/transaction/interceptor/TransactionAttribute]
11:25:14.683 [Test worker] INFO org.springframework.boot.test.context.SpringBootTestContextBootstrapper - Using TestExecutionListeners: [org.springframework.test.context.web.ServletTestExecutionListener@42e3ede4, org.springframework.test.context.support.DirtiesContextBeforeModesTestExecutionListener@201b6b6f, org.springframework.test.context.event.ApplicationEventsTestExecutionListener@75459c75, org.springframework.boot.test.mock.mockito.MockitoTestExecutionListener@183e8023, org.springframework.boot.test.autoconfigure.SpringBootDependencyInjectionTestExecutionListener@45efc20d, org.springframework.test.context.support.DirtiesContextTestExecutionListener@3e5499cc, org.springframework.test.context.event.EventPublishingTestExecutionListener@67ab1c47, org.springframework.boot.test.autoconfigure.restdocs.RestDocsTestExecutionListener@b78a709, org.springframework.boot.test.autoconfigure.web.client.MockRestServiceServerResetTestExecutionListener@30bcf3c1, org.springframework.boot.test.autoconfigure.web.servlet.MockMvcPrintOnlyOnFailureTestExecutionListener@2a3c96e3, org.springframework.boot.test.autoconfigure.web.servlet.WebDriverTestExecutionListener@15cafec7, org.springframework.boot.test.autoconfigure.webservices.client.MockWebServiceServerTestExecutionListener@5b444398, org.springframework.boot.test.mock.mockito.ResetMocksTestExecutionListener@cb191ca]
11:25:14.708 [Test worker] DEBUG org.springframework.test.context.support.AbstractDirtiesContextTestExecutionListener - Before test class: context [DefaultTestContext@18230356 testClass = MathServiceTest, testInstance = [null], testMethod = [null], testException = [null], mergedContextConfiguration = [WebMergedContextConfiguration@d8305c2 testClass = MathServiceTest, locations = '{}', classes = '{class com.example.demo.DemoApplication}', contextInitializerClasses = '[]', activeProfiles = '{}', propertySourceLocations = '{}', propertySourceProperties = '{org.springframework.boot.test.context.SpringBootTestContextBootstrapper=true}', contextCustomizers = set[org.springframework.boot.test.autoconfigure.actuate.metrics.MetricsExportContextCustomizerFactory$DisableMetricExportContextCustomizer@301eda63, org.springframework.boot.test.autoconfigure.properties.PropertyMappingContextCustomizer@0, org.springframework.boot.test.autoconfigure.web.servlet.WebDriverContextCustomizerFactory$Customizer@f107c50, org.springframework.boot.test.context.filter.ExcludeFilterContextCustomizer@60410cd, org.springframework.boot.test.json.DuplicateJsonObjectContextCustomizerFactory$DuplicateJsonObjectContextCustomizer@38604b81, org.springframework.boot.test.mock.mockito.MockitoContextCustomizer@0, org.springframework.boot.test.web.client.TestRestTemplateContextCustomizer@5ddcc487, org.springframework.boot.test.context.SpringBootTestArgs@1, org.springframework.boot.test.context.SpringBootTestWebEnvironment@6200f9cb], resourceBasePath = 'src/main/webapp', contextLoader = 'org.springframework.boot.test.context.SpringBootContextLoader', parent = [null]], attributes = map['org.springframework.test.context.web.ServletTestExecutionListener.activateListener' -> true]], class annotated with @DirtiesContext [false] with mode [null].

  .   ____          _            __ _ _
 /\\ / ___'_ __ _ _(_)_ __  __ _ \ \ \ \
( ( )\___ | '_ | '_| | '_ \/ _` | \ \ \ \
 \\/  ___)| |_)| | | | | || (_| |  ) ) ) )
  '  |____| .__|_| |_|_| |_\__, | / / / /
 =========|_|==============|___/=/_/_/_/
 :: Spring Boot ::                (v2.6.3)

2025-04-07 11:25:15.753  INFO 6296 --- [    Test worker] com.example.demo.MathServiceTest         : Starting MathServiceTest using Java 11.0.26 on server1 with PID 6296 (started by root in /home/rana/FinalProjectCode/web-app)
2025-04-07 11:25:15.755  INFO 6296 --- [    Test worker] com.example.demo.MathServiceTest         : No active profile set, falling back to default profiles: default
2025-04-07 11:25:18.122  INFO 6296 --- [    Test worker] o.s.b.a.w.s.WelcomePageHandlerMapping    : Adding welcome page template: index
2025-04-07 11:25:18.489  INFO 6296 --- [    Test worker] com.example.demo.MathServiceTest         : Started MathServiceTest in 3.6 seconds (JVM running for 9.658)
]]></system-out>
  <system-err><![CDATA[]]></system-err>
</testsuite>
